<?xml version="1.0" encoding="UTF-8"?>
<testng-results ignored="0" total="1" passed="1" failed="0" skipped="0">
  <reporter-output>
  </reporter-output>
  <suite started-at="2021-01-21T08:41:09 IST" name="Default suite" finished-at="2021-01-21T08:41:18 IST" duration-ms="8903">
    <groups>
    </groups>
    <test started-at="2021-01-21T08:41:09 IST" name="Default test" finished-at="2021-01-21T08:41:18 IST" duration-ms="8903">
      <class name="HeroVai.GGG">
        <test-method is-config="true" signature="beforeTest()[pri:0, instance:HeroVai.GGG@3901d134]" started-at="2021-01-21T08:41:09 IST" name="beforeTest" finished-at="2021-01-21T08:41:18 IST" duration-ms="8803" status="PASS">
          <reporter-output>
          </reporter-output>
        </test-method> <!-- beforeTest -->
        <test-method signature="f()[pri:0, instance:HeroVai.GGG@3901d134]" started-at="2021-01-21T08:41:18 IST" name="f" finished-at="2021-01-21T08:41:18 IST" duration-ms="23" status="PASS">
          <reporter-output>
          </reporter-output>
        </test-method> <!-- f -->
        <test-method is-config="true" signature="afterTest()[pri:0, instance:HeroVai.GGG@3901d134]" started-at="2021-01-21T08:41:18 IST" name="afterTest" finished-at="2021-01-21T08:41:18 IST" duration-ms="1" status="PASS">
          <reporter-output>
          </reporter-output>
        </test-method> <!-- afterTest -->
      </class> <!-- HeroVai.GGG -->
    </test> <!-- Default test -->
  </suite> <!-- Default suite -->
</testng-results>
